2025-04-29 03:58:17,625 - __main__ - INFO - Created or verified directories: /workspace/quant_code_21064c09-530e-4d2f-ae2c-6e1f6f20c3b6/results_20250429_035816
2025-04-29 03:58:17,626 - __main__ - INFO - Loading data...
2025-04-29 03:58:20,552 - __main__ - INFO - Loaded 11 factor files
2025-04-29 03:58:21,926 - __main__ - INFO - Successfully loaded all data files
2025-04-29 03:58:21,926 - __main__ - INFO - Filtering factors...
2025-04-29 03:58:22,255 - __main__ - INFO - Filtered factors from 11 to 10
2025-04-29 03:58:22,256 - __main__ - INFO - Processing factors...
2025-04-29 03:58:22,256 - __main__ - INFO - Processing 10 factors using 40 workers
2025-04-29 03:58:30,711 - __main__ - INFO - Processed 10 factors in 8.46 seconds
2025-04-29 03:58:30,823 - __main__ - INFO - Finding common indices...
2025-04-29 03:58:33,130 - __main__ - INFO - Running prediction...
2025-04-29 03:58:33,131 - __main__ - INFO - Running simulation 1/3
2025-04-29 03:59:03,851 - __main__ - INFO - Running simulation 2/3
2025-04-29 03:59:30,461 - __main__ - INFO - Running simulation 3/3
2025-04-29 03:59:56,790 - __main__ - INFO - Applying filters...
2025-04-29 03:59:56,991 - __main__ - INFO - Applied filters: 1676 rows remaining
2025-04-29 03:59:56,991 - __main__ - INFO - Calculating metrics...
2025-04-29 04:00:10,178 - __main__ - INFO - Saving results...
2025-04-29 04:00:11,068 - __main__ - INFO - Results saved to /workspace/quant_code_21064c09-530e-4d2f-ae2c-6e1f6f20c3b6/results_20250429_035816/predictions_20250429_040010.parquet and /workspace/quant_code_21064c09-530e-4d2f-ae2c-6e1f6f20c3b6/results_20250429_035816/metrics_20250429_040010.json
2025-04-29 04:00:11,069 - __main__ - INFO - Total processing time: 113.44 seconds
2025-04-29 04:00:11,069 - __main__ - INFO - 
==================================================
PERFORMANCE METRICS
==================================================
2025-04-29 04:00:11,069 - __main__ - INFO - Overall Rank Correlation: 0.0670
2025-04-29 04:00:11,069 - __main__ - INFO - 2020 Rank Correlation: 0.0690
2025-04-29 04:00:11,069 - __main__ - INFO - 2021 Rank Correlation: 0.0582
2025-04-29 04:00:11,069 - __main__ - INFO - 2022 Rank Correlation: 0.0721
2025-04-29 04:00:11,069 - __main__ - INFO - 2023 Rank Correlation: 0.0689
2025-04-29 04:00:11,069 - __main__ - INFO - ==================================================
Full report saved to: /workspace/quant_code_21064c09-530e-4d2f-ae2c-6e1f6f20c3b6/results_20250429_035816/metrics_20250429_040010.json
==================================================
2025-04-29 04:06:52,616 - __main__ - INFO - Created or verified directories: /workspace/quant_code_21064c09-530e-4d2f-ae2c-6e1f6f20c3b6/results_20250429_040651
2025-04-29 04:06:52,616 - __main__ - INFO - Loading data...
2025-04-29 04:06:55,421 - __main__ - INFO - Loaded 11 factor files
2025-04-29 04:06:56,783 - __main__ - INFO - Successfully loaded all data files
2025-04-29 04:06:56,784 - __main__ - INFO - Filtering factors...
2025-04-29 04:06:57,145 - __main__ - INFO - Filtered factors from 11 to 10
2025-04-29 04:06:57,146 - __main__ - INFO - Processing factors...
2025-04-29 04:06:57,146 - __main__ - INFO - Processing 10 factors using 40 workers
2025-04-29 04:07:04,833 - __main__ - INFO - Processed 10 factors in 7.69 seconds
2025-04-29 04:07:04,944 - __main__ - INFO - Finding common indices...
2025-04-29 04:07:07,185 - __main__ - INFO - Running prediction...
2025-04-29 04:07:07,185 - __main__ - INFO - Running simulation 1/3
2025-04-29 04:07:33,649 - __main__ - INFO - Created or verified directories: /workspace/quant_code_21064c09-530e-4d2f-ae2c-6e1f6f20c3b6/results_20250429_040732
2025-04-29 04:07:33,649 - __main__ - INFO - Loading data...
2025-04-29 04:07:36,578 - __main__ - INFO - Loaded 11 factor files
2025-04-29 04:07:37,952 - __main__ - INFO - Successfully loaded all data files
2025-04-29 04:07:37,952 - __main__ - INFO - Filtering factors...
2025-04-29 04:07:38,294 - __main__ - INFO - Filtered factors from 11 to 10
2025-04-29 04:07:38,295 - __main__ - INFO - Processing factors...
2025-04-29 04:07:38,295 - __main__ - INFO - Processing 10 factors using 40 workers
2025-04-29 04:07:46,956 - __main__ - INFO - Processed 10 factors in 8.66 seconds
2025-04-29 04:07:47,077 - __main__ - INFO - Finding common indices...
2025-04-29 04:07:49,817 - __main__ - INFO - Running prediction...
2025-04-29 04:07:49,817 - __main__ - INFO - Running simulation 1/3
2025-04-29 04:08:17,080 - __main__ - INFO - Running simulation 2/3
2025-04-29 04:08:45,110 - __main__ - INFO - Running simulation 3/3
2025-04-29 04:09:10,870 - __main__ - INFO - Applying filters...
2025-04-29 04:09:11,102 - __main__ - INFO - Applied filters: 1676 rows remaining
2025-04-29 04:09:11,103 - __main__ - INFO - Calculating metrics...
2025-04-29 04:09:24,463 - __main__ - INFO - Saving results...
2025-04-29 04:09:25,355 - __main__ - INFO - Results saved to /workspace/quant_code_21064c09-530e-4d2f-ae2c-6e1f6f20c3b6/results_20250429_040732/predictions_20250429_040924.parquet and /workspace/quant_code_21064c09-530e-4d2f-ae2c-6e1f6f20c3b6/results_20250429_040732/metrics_20250429_040924.json
2025-04-29 04:09:25,356 - __main__ - INFO - Total processing time: 111.71 seconds
2025-04-29 04:09:25,356 - __main__ - INFO - 
==================================================
PERFORMANCE METRICS
==================================================
2025-04-29 04:09:25,356 - __main__ - INFO - Overall Rank Correlation: 0.0669
2025-04-29 04:09:25,356 - __main__ - INFO - 2020 Rank Correlation: 0.0691
2025-04-29 04:09:25,356 - __main__ - INFO - 2021 Rank Correlation: 0.0585
2025-04-29 04:09:25,356 - __main__ - INFO - 2022 Rank Correlation: 0.0715
2025-04-29 04:09:25,356 - __main__ - INFO - 2023 Rank Correlation: 0.0687
2025-04-29 04:09:25,356 - __main__ - INFO - ==================================================
Full report saved to: /workspace/quant_code_21064c09-530e-4d2f-ae2c-6e1f6f20c3b6/results_20250429_040732/metrics_20250429_040924.json
==================================================
2025-04-29 04:14:27,757 - __main__ - INFO - Created or verified directories: /workspace/quant_code_21064c09-530e-4d2f-ae2c-6e1f6f20c3b6/results_20250429_041426
2025-04-29 04:14:27,757 - __main__ - INFO - Loading data...
2025-04-29 04:14:30,650 - __main__ - INFO - Loaded 11 factor files
2025-04-29 04:14:32,057 - __main__ - INFO - Successfully loaded all data files
2025-04-29 04:14:32,057 - __main__ - INFO - Filtering factors...
2025-04-29 04:14:32,406 - __main__ - INFO - Filtered factors from 11 to 10
2025-04-29 04:14:32,406 - __main__ - INFO - Processing factors...
2025-04-29 04:14:32,406 - __main__ - INFO - Processing 10 factors using 40 workers
2025-04-29 04:14:40,188 - __main__ - INFO - Processed 10 factors in 7.78 seconds
2025-04-29 04:14:40,296 - __main__ - INFO - Finding common indices...
2025-04-29 04:14:42,534 - __main__ - INFO - Running prediction...
2025-04-29 04:14:42,534 - __main__ - INFO - Running simulation 1/3
2025-04-29 04:15:10,975 - __main__ - INFO - Running simulation 2/3
2025-04-29 04:15:38,960 - __main__ - INFO - Running simulation 3/3
2025-04-29 04:16:06,902 - __main__ - INFO - Applying filters...
2025-04-29 04:16:07,144 - __main__ - INFO - Applied filters: 1676 rows remaining
2025-04-29 04:16:07,144 - __main__ - INFO - Calculating metrics...
2025-04-29 04:16:20,721 - __main__ - INFO - Saving results...
2025-04-29 04:16:21,656 - __main__ - INFO - Results saved to /workspace/quant_code_21064c09-530e-4d2f-ae2c-6e1f6f20c3b6/results_20250429_041426/predictions_20250429_041620.parquet and /workspace/quant_code_21064c09-530e-4d2f-ae2c-6e1f6f20c3b6/results_20250429_041426/metrics_20250429_041620.json
2025-04-29 04:16:21,656 - __main__ - INFO - Total processing time: 113.90 seconds
2025-04-29 04:16:21,656 - __main__ - INFO - 
==================================================
PERFORMANCE METRICS
==================================================
2025-04-29 04:16:21,656 - __main__ - INFO - Overall Rank Correlation: 0.0668
2025-04-29 04:16:21,656 - __main__ - INFO - 2020 Rank Correlation: 0.0690
2025-04-29 04:16:21,656 - __main__ - INFO - 2021 Rank Correlation: 0.0585
2025-04-29 04:16:21,656 - __main__ - INFO - 2022 Rank Correlation: 0.0710
2025-04-29 04:16:21,656 - __main__ - INFO - 2023 Rank Correlation: 0.0687
2025-04-29 04:16:21,656 - __main__ - INFO - ==================================================
Full report saved to: /workspace/quant_code_21064c09-530e-4d2f-ae2c-6e1f6f20c3b6/results_20250429_041426/metrics_20250429_041620.json
==================================================
2025-04-29 04:19:01,445 - __main__ - INFO - Created or verified directories: /workspace/quant_code_21064c09-530e-4d2f-ae2c-6e1f6f20c3b6/results_20250429_041900
2025-04-29 04:19:01,445 - __main__ - INFO - Loading data...
2025-04-29 04:19:04,337 - __main__ - INFO - Loaded 11 factor files
2025-04-29 04:19:05,706 - __main__ - INFO - Successfully loaded all data files
2025-04-29 04:19:05,706 - __main__ - INFO - Filtering factors...
2025-04-29 04:19:06,047 - __main__ - INFO - Filtered factors from 11 to 10
2025-04-29 04:19:06,047 - __main__ - INFO - Processing factors...
2025-04-29 04:19:06,047 - __main__ - INFO - Processing 10 factors using 40 workers
2025-04-29 04:19:14,018 - __main__ - INFO - Processed 10 factors in 7.97 seconds
2025-04-29 04:19:14,128 - __main__ - INFO - Finding common indices...
2025-04-29 04:19:16,339 - __main__ - INFO - Running prediction...
2025-04-29 04:19:16,340 - __main__ - INFO - Running simulation 1/3
2025-04-29 04:19:45,750 - __main__ - INFO - Running simulation 2/3
2025-04-29 04:20:11,912 - __main__ - INFO - Running simulation 3/3
2025-04-29 04:20:37,405 - __main__ - INFO - Applying filters...
2025-04-29 04:20:37,637 - __main__ - INFO - Applied filters: 1676 rows remaining
2025-04-29 04:20:37,637 - __main__ - INFO - Calculating metrics...
2025-04-29 04:20:50,957 - __main__ - INFO - Saving results...
2025-04-29 04:20:51,842 - __main__ - INFO - Results saved to /workspace/quant_code_21064c09-530e-4d2f-ae2c-6e1f6f20c3b6/results_20250429_041900/predictions_20250429_042050.parquet and /workspace/quant_code_21064c09-530e-4d2f-ae2c-6e1f6f20c3b6/results_20250429_041900/metrics_20250429_042050.json
2025-04-29 04:20:51,842 - __main__ - INFO - Total processing time: 110.40 seconds
2025-04-29 04:20:51,842 - __main__ - INFO - 
==================================================
PERFORMANCE METRICS
==================================================
2025-04-29 04:20:51,842 - __main__ - INFO - Overall Rank Correlation: 0.0669
2025-04-29 04:20:51,842 - __main__ - INFO - 2020 Rank Correlation: 0.0691
2025-04-29 04:20:51,842 - __main__ - INFO - 2021 Rank Correlation: 0.0585
2025-04-29 04:20:51,842 - __main__ - INFO - 2022 Rank Correlation: 0.0719
2025-04-29 04:20:51,842 - __main__ - INFO - 2023 Rank Correlation: 0.0683
2025-04-29 04:20:51,843 - __main__ - INFO - ==================================================
Full report saved to: /workspace/quant_code_21064c09-530e-4d2f-ae2c-6e1f6f20c3b6/results_20250429_041900/metrics_20250429_042050.json
==================================================
2025-04-29 04:23:53,056 - __main__ - INFO - Created or verified directories: /workspace/quant_code_21064c09-530e-4d2f-ae2c-6e1f6f20c3b6/results_20250429_042352
2025-04-29 04:23:53,056 - __main__ - INFO - Loading data...
2025-04-29 04:23:55,961 - __main__ - INFO - Loaded 11 factor files
2025-04-29 04:23:57,317 - __main__ - INFO - Successfully loaded all data files
2025-04-29 04:23:57,317 - __main__ - INFO - Filtering factors...
2025-04-29 04:23:57,674 - __main__ - INFO - Filtered factors from 11 to 10
2025-04-29 04:23:57,674 - __main__ - INFO - Processing factors...
2025-04-29 04:23:57,674 - __main__ - INFO - Processing 10 factors using 40 workers
2025-04-29 04:24:06,519 - __main__ - INFO - Processed 10 factors in 8.84 seconds
2025-04-29 04:24:06,629 - __main__ - INFO - Finding common indices...
2025-04-29 04:24:08,886 - __main__ - INFO - Running prediction...
2025-04-29 04:24:08,887 - __main__ - INFO - Running simulation 1/3
2025-04-29 04:24:29,628 - __main__ - INFO - Created or verified directories: /workspace/quant_code_21064c09-530e-4d2f-ae2c-6e1f6f20c3b6/results_20250429_042428
2025-04-29 04:24:29,628 - __main__ - INFO - Loading data...
2025-04-29 04:24:32,545 - __main__ - INFO - Loaded 11 factor files
2025-04-29 04:24:33,941 - __main__ - INFO - Successfully loaded all data files
2025-04-29 04:24:33,941 - __main__ - INFO - Filtering factors...
2025-04-29 04:24:34,291 - __main__ - INFO - Filtered factors from 11 to 10
2025-04-29 04:24:34,291 - __main__ - INFO - Processing factors...
2025-04-29 04:24:34,291 - __main__ - INFO - Processing 10 factors using 40 workers
2025-04-29 04:24:42,892 - __main__ - INFO - Processed 10 factors in 8.60 seconds
2025-04-29 04:24:43,004 - __main__ - INFO - Finding common indices...
2025-04-29 04:24:45,361 - __main__ - INFO - Running prediction...
2025-04-29 04:24:45,361 - __main__ - INFO - Running simulation 1/3
2025-04-29 04:25:12,994 - __main__ - INFO - Running simulation 2/3
2025-04-29 04:25:37,694 - __main__ - INFO - Running simulation 3/3
2025-04-29 04:26:03,380 - __main__ - INFO - Applying filters...
2025-04-29 04:26:03,581 - __main__ - INFO - Applied filters: 1676 rows remaining
2025-04-29 04:26:03,581 - __main__ - INFO - Calculating metrics...
2025-04-29 04:26:16,938 - __main__ - INFO - Saving results...
2025-04-29 04:26:17,847 - __main__ - INFO - Results saved to /workspace/quant_code_21064c09-530e-4d2f-ae2c-6e1f6f20c3b6/results_20250429_042428/predictions_20250429_042616.parquet and /workspace/quant_code_21064c09-530e-4d2f-ae2c-6e1f6f20c3b6/results_20250429_042428/metrics_20250429_042616.json
2025-04-29 04:26:17,847 - __main__ - INFO - Total processing time: 108.22 seconds
2025-04-29 04:26:17,847 - __main__ - INFO - 
==================================================
PERFORMANCE METRICS
==================================================
2025-04-29 04:26:17,847 - __main__ - INFO - Overall Rank Correlation: 0.0669
2025-04-29 04:26:17,847 - __main__ - INFO - 2020 Rank Correlation: 0.0689
2025-04-29 04:26:17,847 - __main__ - INFO - 2021 Rank Correlation: 0.0583
2025-04-29 04:26:17,847 - __main__ - INFO - 2022 Rank Correlation: 0.0718
2025-04-29 04:26:17,847 - __main__ - INFO - 2023 Rank Correlation: 0.0689
2025-04-29 04:26:17,847 - __main__ - INFO - ==================================================
Full report saved to: /workspace/quant_code_21064c09-530e-4d2f-ae2c-6e1f6f20c3b6/results_20250429_042428/metrics_20250429_042616.json
==================================================
2025-04-29 04:27:17,115 - __main__ - INFO - Created or verified directories: /workspace/quant_code_21064c09-530e-4d2f-ae2c-6e1f6f20c3b6/results_20250429_042716
2025-04-29 04:27:17,115 - __main__ - INFO - Loading data...
2025-04-29 04:27:20,003 - __main__ - INFO - Loaded 11 factor files
2025-04-29 04:27:21,381 - __main__ - INFO - Successfully loaded all data files
2025-04-29 04:27:21,381 - __main__ - INFO - Filtering factors...
2025-04-29 04:27:21,709 - __main__ - INFO - Filtered factors from 11 to 10
2025-04-29 04:27:21,709 - __main__ - INFO - Processing factors...
2025-04-29 04:27:21,709 - __main__ - INFO - Processing 10 factors using 40 workers
2025-04-29 04:27:29,958 - __main__ - INFO - Processed 10 factors in 8.25 seconds
2025-04-29 04:27:30,071 - __main__ - INFO - Finding common indices...
2025-04-29 04:27:32,366 - __main__ - INFO - Running prediction...
2025-04-29 04:27:32,366 - __main__ - INFO - Running simulation 1/3
2025-04-29 04:27:57,305 - __main__ - INFO - Running simulation 2/3
2025-04-29 04:28:20,856 - __main__ - INFO - Running simulation 3/3
2025-04-29 04:28:44,287 - __main__ - INFO - Applying filters...
2025-04-29 04:28:44,485 - __main__ - INFO - Applied filters: 1676 rows remaining
2025-04-29 04:28:44,485 - __main__ - INFO - Calculating metrics...
2025-04-29 04:28:57,715 - __main__ - INFO - Saving results...
2025-04-29 04:28:58,595 - __main__ - INFO - Results saved to /workspace/quant_code_21064c09-530e-4d2f-ae2c-6e1f6f20c3b6/results_20250429_042716/predictions_20250429_042857.parquet and /workspace/quant_code_21064c09-530e-4d2f-ae2c-6e1f6f20c3b6/results_20250429_042716/metrics_20250429_042857.json
2025-04-29 04:28:58,596 - __main__ - INFO - Total processing time: 101.48 seconds
2025-04-29 04:28:58,596 - __main__ - INFO - 
==================================================
PERFORMANCE METRICS
==================================================
2025-04-29 04:28:58,596 - __main__ - INFO - Overall Rank Correlation: 0.0668
2025-04-29 04:28:58,596 - __main__ - INFO - 2020 Rank Correlation: 0.0692
2025-04-29 04:28:58,596 - __main__ - INFO - 2021 Rank Correlation: 0.0581
2025-04-29 04:28:58,596 - __main__ - INFO - 2022 Rank Correlation: 0.0715
2025-04-29 04:28:58,596 - __main__ - INFO - 2023 Rank Correlation: 0.0686
2025-04-29 04:28:58,596 - __main__ - INFO - ==================================================
Full report saved to: /workspace/quant_code_21064c09-530e-4d2f-ae2c-6e1f6f20c3b6/results_20250429_042716/metrics_20250429_042857.json
==================================================
2025-04-29 04:30:10,252 - __main__ - INFO - Created or verified directories: /workspace/quant_code_21064c09-530e-4d2f-ae2c-6e1f6f20c3b6/results_20250429_043009
2025-04-29 04:30:10,253 - __main__ - INFO - Loading data...
2025-04-29 04:30:13,196 - __main__ - INFO - Loaded 11 factor files
2025-04-29 04:30:14,564 - __main__ - INFO - Successfully loaded all data files
2025-04-29 04:30:14,564 - __main__ - INFO - Filtering factors...
2025-04-29 04:30:14,898 - __main__ - INFO - Filtered factors from 11 to 10
2025-04-29 04:30:14,898 - __main__ - INFO - Processing factors...
2025-04-29 04:30:14,899 - __main__ - INFO - Processing 10 factors using 40 workers
2025-04-29 04:30:23,099 - __main__ - INFO - Processed 10 factors in 8.20 seconds
2025-04-29 04:30:23,213 - __main__ - INFO - Finding common indices...
2025-04-29 04:30:25,491 - __main__ - INFO - Running prediction...
2025-04-29 04:30:25,491 - __main__ - INFO - Running simulation 1/3
2025-04-29 04:30:50,848 - __main__ - INFO - Running simulation 2/3
2025-04-29 04:31:17,018 - __main__ - INFO - Running simulation 3/3
2025-04-29 04:31:42,116 - __main__ - INFO - Applying filters...
2025-04-29 04:31:42,312 - __main__ - INFO - Applied filters: 1676 rows remaining
2025-04-29 04:31:42,312 - __main__ - INFO - Calculating metrics...
2025-04-29 04:31:55,502 - __main__ - INFO - Saving results...
2025-04-29 04:31:56,393 - __main__ - INFO - Results saved to /workspace/quant_code_21064c09-530e-4d2f-ae2c-6e1f6f20c3b6/results_20250429_043009/predictions_20250429_043155.parquet and /workspace/quant_code_21064c09-530e-4d2f-ae2c-6e1f6f20c3b6/results_20250429_043009/metrics_20250429_043155.json
2025-04-29 04:31:56,393 - __main__ - INFO - Total processing time: 106.14 seconds
2025-04-29 04:31:56,393 - __main__ - INFO - 
==================================================
PERFORMANCE METRICS
==================================================
2025-04-29 04:31:56,393 - __main__ - INFO - Overall Rank Correlation: 0.0667
2025-04-29 04:31:56,393 - __main__ - INFO - 2020 Rank Correlation: 0.0691
2025-04-29 04:31:56,393 - __main__ - INFO - 2021 Rank Correlation: 0.0580
2025-04-29 04:31:56,393 - __main__ - INFO - 2022 Rank Correlation: 0.0710
2025-04-29 04:31:56,393 - __main__ - INFO - 2023 Rank Correlation: 0.0688
2025-04-29 04:31:56,393 - __main__ - INFO - ==================================================
Full report saved to: /workspace/quant_code_21064c09-530e-4d2f-ae2c-6e1f6f20c3b6/results_20250429_043009/metrics_20250429_043155.json
==================================================
